/*
	Generated by DarkRadiant's Particle Editor.
*/
particle bulletricochet2 { 
	{
		count 				2
		material 			textures/particles/barrelpoof
		time 				1.100
		cycles 				1.000
		timeOffset 			0.000
		bunching 			0.250
		distribution 		rect 0.000 0.000 0.000
		direction 			outward 0.000
		orientation 		view
		speed 				"5.000" to "0.000"
		size 				"3.500" to "9.000"
		aspect 				"1.000"
		rotation 			"0.000"
		randomDistribution 	1
		boundsExpansion 	0.000
		fadeIn 				0.100
		fadeOut 			0.700
		fadeIndex 			0.000
		color 				0.140 0.130 0.110 1.000
		fadeColor 			0.000 0.000 0.000 0.000
		offset 				0.000 0.000 0.000
		gravity 			world -3.000
	}
	{
		count 				2
		material 			textures/particles/boomboom4
		time 				0.150
		cycles 				1.000
		timeOffset 			0.000
		bunching 			0.000
		distribution 		rect 0.200 0.200 0.200
		direction 			outward 0.000
		orientation 		view
		speed 				"5.000" to "0.000"
		size 				"0.000" to "8.000"
		aspect 				"2.000"
		rotation 			"0.000"
		randomDistribution 	1
		boundsExpansion 	0.000
		fadeIn 				0.000
		fadeOut 			0.600
		fadeIndex 			0.000
		color 				0.910 0.733 0.475 1.000
		fadeColor 			0.000 0.000 0.000 0.000
		offset 				0.000 0.000 0.000
		gravity 			world -2.000
	}
	{
		count 				2
		material 			textures/particles/spark3
		time 				0.250
		cycles 				1.000
		deadTime 			1.200
		timeOffset 			0.000
		bunching 			0.100
		distribution 		cylinder 4.000 4.000 4.000 0.000
		direction 			cone 150.000
		orientation 		aimed 0.000 0.020
		speed 				"120.000"
		size 				"2.000" to "0.250"
		aspect 				"1.000" to "0.250"
		rotation 			"0.000"
		randomDistribution 	1
		boundsExpansion 	0.000
		fadeIn 				0.050
		fadeOut 			0.150
		fadeIndex 			0.000
		color 				0.910 0.730 0.470 1.000
		fadeColor 			0.430 0.210 0.100 0.000
		offset 				0.000 0.000 0.000
		gravity 			world 140.000
	}
	{
		count 				2
		material 			textures/particles/spark3
		time 				0.150
		cycles 				1.000
		deadTime 			1.200
		timeOffset 			0.000
		bunching 			0.100
		distribution 		cylinder 1.000 1.000 1.000 0.000
		direction 			cone 150.000
		orientation 		aimed 0.000 0.020
		speed 				"300.000"
		size 				"2.000" to "0.250"
		aspect 				"1.000" to "0.100"
		rotation 			"0.000"
		randomDistribution 	1
		boundsExpansion 	0.000
		fadeIn 				0.050
		fadeOut 			0.150
		fadeIndex 			0.000
		color 				0.910 0.730 0.470 1.000
		fadeColor 			0.430 0.210 0.100 0.000
		offset 				0.000 0.000 0.000
		gravity 			world 140.000
	}
}
