/*
	Generated by DarkRadiant's Particle Editor.
*/
particle shotgunmuzzlesmoke2 { 
	{
		count 				15
		material 			textures/particles/barrelpoof
		time 				1.000
		cycles 				1.000
		timeOffset 			0.000
		bunching 			1.000
		distribution 		rect 0.000 0.000 0.000
		direction 			cone 0.000
		orientation 		view
		speed 				"17.000" to "2.000"
		size 				"10.000" to "13.000"
		aspect 				"1.000"
		rotation 			"0.000"
		randomDistribution 	1
		boundsExpansion 	0.000
		fadeIn 				0.450
		fadeOut 			0.900
		fadeIndex 			0.850
		color 				0.220 0.200 0.190 1.000
		fadeColor 			0.000 0.000 0.000 0.000
		offset 				0.000 0.000 0.000
		gravity 			world -10.000
	}
}
