particle rockettrail { 
	{
		count 				30
		material 			textures/particles/barrelpoof
		time 				1.000
		cycles 				1.000
		timeOffset 			0.000
		bunching 			1.000
		distribution 		rect 0.000 0.000 0.000
		direction 			cone 0.000
		orientation 		view
		speed 				"13.000" to "21.000"
		size 				"10.000" to "30.000"
		aspect 				"1.000"
		rotation 			"6.000" to "12.000"
		randomDistribution 	1
		boundsExpansion 	0.000
		fadeIn 				0.450
		fadeOut 			1.000
		fadeIndex 			0.000
		color 				0.160 0.130 0.110 1.000
		fadeColor 			0.100 0.100 0.100 0.000
		offset 				0.000 0.000 0.000
		gravity 			world -8.000
	}
	{
		count 				12
		material 			textures/particles/rocketpoof
		time 				1.200
		cycles 				0.000
		timeOffset 			0.000
		bunching 			1.000
		distribution 		rect 8.000 8.000 8.000
		direction 			cone 90.000
		orientation 		view
		speed 				"13.000" to "21.000"
		size 				"10.000" to "20.000"
		aspect 				"1.000"
		rotation 			"0.000"
		randomDistribution 	1
		boundsExpansion 	0.000
		fadeIn 				0.050
		fadeOut 			0.500
		fadeIndex 			0.000
		color 				0.251 0.051 0.004 1.000
		fadeColor 			0.000 0.000 0.000 0.000
		offset 				0.000 0.000 0.000
		gravity 			world -8.000
	}
}
